\BOOKMARK [1][-]{section.1}{\376\377\000I\000n\000t\000r\000o\000d\000u\000c\000t\000i\000o\000n}{}% 1
\BOOKMARK [1][-]{section.2}{\376\377\000R\000e\000l\000a\000t\000e\000d\000\040\000W\000o\000r\000k}{}% 2
\BOOKMARK [1][-]{section.3}{\376\377\000S\000y\000s\000t\000e\000m\000\040\000A\000r\000c\000h\000i\000t\000e\000c\000t\000u\000r\000e\000\040\000a\000n\000d\000\040\000M\000e\000t\000h\000o\000d\000o\000l\000o\000g\000y}{}% 3
\BOOKMARK [2][-]{subsection.3.1}{\376\377\000A\000I\000O\000S\000\040\000S\000c\000h\000e\000d\000u\000l\000i\000n\000g\000\040\000P\000i\000p\000e\000l\000i\000n\000e}{section.3}% 4
\BOOKMARK [2][-]{subsection.3.2}{\376\377\000E\000x\000p\000e\000r\000i\000m\000e\000n\000t\000\040\000P\000i\000p\000e\000l\000i\000n\000e}{section.3}% 5
\BOOKMARK [2][-]{subsection.3.3}{\376\377\000W\000o\000r\000k\000l\000o\000a\000d\000\040\000D\000e\000s\000i\000g\000n}{section.3}% 6
\BOOKMARK [1][-]{section.4}{\376\377\000E\000x\000p\000e\000r\000i\000m\000e\000n\000t\000a\000l\000\040\000S\000e\000t\000u\000p}{}% 7
\BOOKMARK [1][-]{section.5}{\376\377\000P\000h\000a\000s\000e\000\040\0001\000:\000\040\000F\000e\000a\000t\000u\000r\000e\000-\000L\000a\000t\000e\000n\000c\000y\000\040\000A\000n\000a\000l\000y\000s\000i\000s}{}% 8
\BOOKMARK [2][-]{subsection.5.1}{\376\377\000H\000y\000p\000o\000t\000h\000e\000s\000i\000s}{section.5}% 9
\BOOKMARK [2][-]{subsection.5.2}{\376\377\000R\000e\000s\000u\000l\000t\000s}{section.5}% 10
\BOOKMARK [2][-]{subsection.5.3}{\376\377\000S\000t\000r\000u\000c\000t\000u\000r\000a\000l\000\040\000E\000x\000p\000l\000a\000n\000a\000t\000i\000o\000n\000:\000\040\000W\000h\000y\000\040\000F\000e\000a\000t\000u\000r\000e\000s\000\040\000F\000a\000i\000l}{section.5}% 11
\BOOKMARK [2][-]{subsection.5.4}{\376\377\000C\000o\000n\000c\000l\000u\000s\000i\000o\000n}{section.5}% 12
\BOOKMARK [1][-]{section.6}{\376\377\000P\000h\000a\000s\000e\000\040\0002\000:\000\040\000C\000l\000a\000s\000s\000i\000f\000i\000c\000a\000t\000i\000o\000n\000-\000B\000a\000s\000e\000d\000\040\000S\000c\000h\000e\000d\000u\000l\000i\000n\000g}{}% 13
\BOOKMARK [2][-]{subsection.6.1}{\376\377\000S\000e\000t\000u\000p}{section.6}% 14
\BOOKMARK [2][-]{subsection.6.2}{\376\377\000R\000e\000s\000u\000l\000t\000s}{section.6}% 15
\BOOKMARK [2][-]{subsection.6.3}{\376\377\000A\000n\000a\000l\000y\000s\000i\000s\000:\000\040\000W\000h\000y\000\040\000C\000l\000a\000s\000s\000i\000f\000i\000c\000a\000t\000i\000o\000n\000\040\000i\000s\000\040\000W\000e\000a\000k}{section.6}% 16
\BOOKMARK [1][-]{section.7}{\376\377\000P\000h\000a\000s\000e\000\040\0003\000:\000\040\000C\000l\000a\000s\000s\000i\000c\000a\000l\000\040\000A\000l\000g\000o\000r\000i\000t\000h\000m\000\040\000S\000i\000m\000u\000l\000a\000t\000i\000o\000n}{}% 17
\BOOKMARK [2][-]{subsection.7.1}{\376\377\000M\000e\000t\000h\000o\000d\000o\000l\000o\000g\000y}{section.7}% 18
\BOOKMARK [2][-]{subsection.7.2}{\376\377\000A\000l\000g\000o\000r\000i\000t\000h\000m\000s}{section.7}% 19
\BOOKMARK [2][-]{subsection.7.3}{\376\377\000O\000v\000e\000r\000a\000l\000l\000\040\000R\000e\000s\000u\000l\000t\000s}{section.7}% 20
\BOOKMARK [2][-]{subsection.7.4}{\376\377\000P\000e\000r\000-\000C\000l\000a\000s\000s\000\040\000T\000r\000a\000d\000e\000o\000f\000f\000:\000\040\000T\000h\000e\000\040\000H\000i\000d\000d\000e\000n\000\040\000D\000i\000m\000e\000n\000s\000i\000o\000n}{section.7}% 21
\BOOKMARK [1][-]{section.8}{\376\377\000W\000h\000y\000\040\000F\000I\000F\000O\000\040\000W\000i\000n\000s\000:\000\040\000A\000\040\000T\000h\000e\000o\000r\000e\000t\000i\000c\000a\000l\000\040\000A\000n\000a\000l\000y\000s\000i\000s}{}% 22
\BOOKMARK [2][-]{subsection.8.1}{\376\377\000V\000i\000o\000l\000a\000t\000e\000d\000\040\000A\000s\000s\000u\000m\000p\000t\000i\000o\000n\000\040\0001\000:\000\040\000J\000o\000b\000-\000S\000i\000z\000e\000\040\000O\000b\000s\000e\000r\000v\000a\000b\000i\000l\000i\000t\000y}{section.8}% 23
\BOOKMARK [2][-]{subsection.8.2}{\376\377\000V\000i\000o\000l\000a\000t\000e\000d\000\040\000A\000s\000s\000u\000m\000p\000t\000i\000o\000n\000\040\0002\000:\000\040\000S\000e\000q\000u\000e\000n\000t\000i\000a\000l\000\040\000E\000x\000e\000c\000u\000t\000i\000o\000n}{section.8}% 24
\BOOKMARK [2][-]{subsection.8.3}{\376\377\000I\000m\000p\000l\000i\000c\000a\000t\000i\000o\000n}{section.8}% 25
\BOOKMARK [1][-]{section.9}{\376\377\000C\000o\000m\000p\000a\000r\000i\000s\000o\000n\000\040\000w\000i\000t\000h\000\040\000A\000I\000O\000S}{}% 26
\BOOKMARK [1][-]{section.10}{\376\377\000I\000m\000p\000l\000e\000m\000e\000n\000t\000a\000t\000i\000o\000n}{}% 27
\BOOKMARK [1][-]{section.11}{\376\377\000D\000i\000s\000c\000u\000s\000s\000i\000o\000n}{}% 28
\BOOKMARK [2][-]{subsection.11.1}{\376\377\000W\000h\000e\000n\000\040\000P\000r\000i\000o\000r\000i\000t\000y\000\040\000S\000c\000h\000e\000d\000u\000l\000i\000n\000g\000\040\000i\000s\000\040\000J\000u\000s\000t\000i\000f\000i\000e\000d}{section.11}% 29
\BOOKMARK [2][-]{subsection.11.2}{\376\377\000L\000i\000m\000i\000t\000a\000t\000i\000o\000n\000s}{section.11}% 30
\BOOKMARK [2][-]{subsection.11.3}{\376\377\000F\000u\000t\000u\000r\000e\000\040\000W\000o\000r\000k}{section.11}% 31
\BOOKMARK [1][-]{section.12}{\376\377\000C\000o\000n\000c\000l\000u\000s\000i\000o\000n}{}% 32
\BOOKMARK [1][-]{section*.15}{\376\377\000R\000e\000f\000e\000r\000e\000n\000c\000e\000s}{}% 33
